<?xml version="1.0" encoding="UTF-8"?>
<coverage generated="1583113788699" clover="3.2.0">
  <project timestamp="1583113788699" name="All files">
    <metrics statements="22" coveredstatements="10" conditionals="6" coveredconditionals="5" methods="7" coveredmethods="2" elements="35" coveredelements="17" complexity="0" loc="22" ncloc="22" packages="2" files="2" classes="2"/>
    <package name="src">
      <metrics statements="4" coveredstatements="3" conditionals="4" coveredconditionals="4" methods="2" coveredmethods="1"/>
      <file name="StoreFactory.js" path="C:\Users\Addison\Documents\Lambda\movie-slater-fe\movie-knight\src\StoreFactory.js">
        <metrics statements="4" coveredstatements="3" conditionals="4" coveredconditionals="4" methods="2" coveredmethods="1"/>
        <line num="18" count="7" type="stmt"/>
        <line num="20" count="7" type="stmt"/>
        <line num="21" count="0" type="stmt"/>
        <line num="33" count="14" type="stmt"/>
      </file>
    </package>
    <package name="src.components.auth">
      <metrics statements="18" coveredstatements="7" conditionals="2" coveredconditionals="1" methods="5" coveredmethods="1"/>
      <file name="Login.js" path="C:\Users\Addison\Documents\Lambda\movie-slater-fe\movie-knight\src\components\auth\Login.js">
        <metrics statements="18" coveredstatements="7" conditionals="2" coveredconditionals="1" methods="5" coveredmethods="1"/>
        <line num="10" count="2" type="stmt"/>
        <line num="11" count="2" type="stmt"/>
        <line num="13" count="2" type="stmt"/>
        <line num="14" count="0" type="stmt"/>
        <line num="15" count="0" type="stmt"/>
        <line num="16" count="0" type="stmt"/>
        <line num="17" count="0" type="stmt"/>
        <line num="20" count="2" type="stmt"/>
        <line num="21" count="0" type="stmt"/>
        <line num="25" count="2" type="stmt"/>
        <line num="26" count="0" type="stmt"/>
        <line num="27" count="0" type="stmt"/>
        <line num="28" count="0" type="stmt"/>
        <line num="29" count="0" type="stmt"/>
        <line num="30" count="0" type="stmt"/>
        <line num="35" count="2" type="stmt"/>
        <line num="89" count="2" type="stmt"/>
        <line num="90" count="0" type="stmt"/>
      </file>
    </package>
  </project>
</coverage>
