{"C:\\Users\\Addison\\Documents\\Lambda\\movie-slater-fe\\movie-knight\\src\\StoreFactory.js": {"path":"C:\\Users\\Addison\\Documents\\Lambda\\movie-slater-fe\\movie-knight\\src\\StoreFactory.js","statementMap":{"0":{"start":{"line":18,"column":34},"end":{"line":18,"column":69}},"1":{"start":{"line":20,"column":28},"end":{"line":22,"column":1}},"2":{"start":{"line":21,"column":2},"end":{"line":21,"column":62}},"3":{"start":{"line":33,"column":2},"end":{"line":43,"column":4}}},"fnMap":{"0":{"name":"(anonymous_0)","decl":{"start":{"line":20,"column":28},"end":{"line":20,"column":29}},"loc":{"start":{"line":20,"column":44},"end":{"line":22,"column":1}},"line":20},"1":{"name":"renderWithRedux","decl":{"start":{"line":24,"column":16},"end":{"line":24,"column":31}},"loc":{"start":{"line":32,"column":2},"end":{"line":44,"column":1}},"line":32}},"branchMap":{"0":{"loc":{"start":{"line":26,"column":2},"end":{"line":31,"column":8}},"type":"default-arg","locations":[{"start":{"line":31,"column":6},"end":{"line":31,"column":8}}],"line":26},"1":{"loc":{"start":{"line":28,"column":4},"end":{"line":28,"column":64}},"type":"default-arg","locations":[{"start":{"line":28,"column":12},"end":{"line":28,"column":64}}],"line":28},"2":{"loc":{"start":{"line":29,"column":4},"end":{"line":29,"column":15}},"type":"default-arg","locations":[{"start":{"line":29,"column":12},"end":{"line":29,"column":15}}],"line":29},"3":{"loc":{"start":{"line":30,"column":4},"end":{"line":30,"column":62}},"type":"default-arg","locations":[{"start":{"line":30,"column":14},"end":{"line":30,"column":62}}],"line":30}},"s":{"0":7,"1":7,"2":0,"3":14},"f":{"0":0,"1":14},"b":{"0":[14],"1":[14],"2":[14],"3":[14]},"_coverageSchema":"43e27e138ebf9cfc5966b082cf9a028302ed4184","hash":"d8a19008d073ac130b1bef4ecc60dc9ef19a72eb"}
,"C:\\Users\\Addison\\Documents\\Lambda\\movie-slater-fe\\movie-knight\\src\\components\\auth\\Login.js": {"path":"C:\\Users\\Addison\\Documents\\Lambda\\movie-slater-fe\\movie-knight\\src\\components\\auth\\Login.js","statementMap":{"0":{"start":{"line":10,"column":21},"end":{"line":87,"column":1}},"1":{"start":{"line":11,"column":36},"end":{"line":11,"column":73}},"2":{"start":{"line":13,"column":23},"end":{"line":18,"column":3}},"3":{"start":{"line":14,"column":4},"end":{"line":14,"column":27}},"4":{"start":{"line":15,"column":4},"end":{"line":15,"column":27}},"5":{"start":{"line":16,"column":4},"end":{"line":16,"column":28}},"6":{"start":{"line":17,"column":4},"end":{"line":17,"column":46}},"7":{"start":{"line":20,"column":23},"end":{"line":22,"column":3}},"8":{"start":{"line":21,"column":4},"end":{"line":21,"column":76}},"9":{"start":{"line":25,"column":25},"end":{"line":31,"column":3}},"10":{"start":{"line":26,"column":24},"end":{"line":26,"column":32}},"11":{"start":{"line":27,"column":4},"end":{"line":27,"column":43}},"12":{"start":{"line":28,"column":4},"end":{"line":28,"column":63}},"13":{"start":{"line":29,"column":4},"end":{"line":29,"column":25}},"14":{"start":{"line":30,"column":4},"end":{"line":30,"column":28}},"15":{"start":{"line":35,"column":2},"end":{"line":86,"column":4}},"16":{"start":{"line":89,"column":24},"end":{"line":93,"column":1}},"17":{"start":{"line":90,"column":2},"end":{"line":92,"column":4}}},"fnMap":{"0":{"name":"(anonymous_0)","decl":{"start":{"line":10,"column":21},"end":{"line":10,"column":22}},"loc":{"start":{"line":10,"column":30},"end":{"line":87,"column":1}},"line":10},"1":{"name":"(anonymous_1)","decl":{"start":{"line":13,"column":23},"end":{"line":13,"column":24}},"loc":{"start":{"line":13,"column":32},"end":{"line":18,"column":3}},"line":13},"2":{"name":"(anonymous_2)","decl":{"start":{"line":20,"column":23},"end":{"line":20,"column":24}},"loc":{"start":{"line":20,"column":32},"end":{"line":22,"column":3}},"line":20},"3":{"name":"(anonymous_3)","decl":{"start":{"line":25,"column":25},"end":{"line":25,"column":26}},"loc":{"start":{"line":25,"column":37},"end":{"line":31,"column":3}},"line":25},"4":{"name":"(anonymous_4)","decl":{"start":{"line":89,"column":24},"end":{"line":89,"column":25}},"loc":{"start":{"line":89,"column":33},"end":{"line":93,"column":1}},"line":89}},"branchMap":{"0":{"loc":{"start":{"line":38,"column":29},"end":{"line":38,"column":66}},"type":"cond-expr","locations":[{"start":{"line":38,"column":50},"end":{"line":38,"column":56}},{"start":{"line":38,"column":59},"end":{"line":38,"column":66}}],"line":38}},"s":{"0":2,"1":2,"2":2,"3":0,"4":0,"5":0,"6":0,"7":2,"8":0,"9":2,"10":0,"11":0,"12":0,"13":0,"14":0,"15":2,"16":2,"17":0},"f":{"0":2,"1":0,"2":0,"3":0,"4":0},"b":{"0":[0,2]},"_coverageSchema":"43e27e138ebf9cfc5966b082cf9a028302ed4184","hash":"5ffac69447417d00e82e4a930f870f7c5e026316"}
}
