TN:
SF:C:\Users\Addison\Documents\Lambda\movie-slater-fe\movie-knight\src\StoreFactory.js
FN:20,(anonymous_0)
FN:24,renderWithRedux
FNF:2
FNH:1
FNDA:0,(anonymous_0)
FNDA:14,renderWithRedux
DA:18,7
DA:20,7
DA:21,0
DA:33,14
LF:4
LH:3
BRDA:26,0,0,14
BRDA:28,1,0,14
BRDA:29,2,0,14
BRDA:30,3,0,14
BRF:4
BRH:4
end_of_record
TN:
SF:C:\Users\Addison\Documents\Lambda\movie-slater-fe\movie-knight\src\components\auth\Login.js
FN:10,(anonymous_0)
FN:13,(anonymous_1)
FN:20,(anonymous_2)
FN:25,(anonymous_3)
FN:89,(anonymous_4)
FNF:5
FNH:1
FNDA:2,(anonymous_0)
FNDA:0,(anonymous_1)
FNDA:0,(anonymous_2)
FNDA:0,(anonymous_3)
FNDA:0,(anonymous_4)
DA:10,2
DA:11,2
DA:13,2
DA:14,0
DA:15,0
DA:16,0
DA:17,0
DA:20,2
DA:21,0
DA:25,2
DA:26,0
DA:27,0
DA:28,0
DA:29,0
DA:30,0
DA:35,2
DA:89,2
DA:90,0
LF:18
LH:7
BRDA:38,0,0,0
BRDA:38,0,1,2
BRF:2
BRH:1
end_of_record
